<?xml version="1.0" encoding="UTF-8"?>
<testsuite name="com.katbillings.pomodoro.PomodoroApplicationTests" tests="1" skipped="0" failures="0" errors="0" timestamp="2022-01-07T23:48:58" hostname="Kats-Air.attlocal.net" time="0.411">
  <properties/>
  <testcase name="contextLoads()" classname="com.katbillings.pomodoro.PomodoroApplicationTests" time="0.411"/>
  <system-out><![CDATA[17:48:54.299 [Test worker] DEBUG org.springframework.test.context.BootstrapUtils - Instantiating CacheAwareContextLoaderDelegate from class [org.springframework.test.context.cache.DefaultCacheAwareContextLoaderDelegate]
17:48:54.309 [Test worker] DEBUG org.springframework.test.context.BootstrapUtils - Instantiating BootstrapContext using constructor [public org.springframework.test.context.support.DefaultBootstrapContext(java.lang.Class,org.springframework.test.context.CacheAwareContextLoaderDelegate)]
17:48:54.351 [Test worker] DEBUG org.springframework.test.context.BootstrapUtils - Instantiating TestContextBootstrapper for test class [com.katbillings.pomodoro.PomodoroApplicationTests] from class [org.springframework.boot.test.context.SpringBootTestContextBootstrapper]
17:48:54.362 [Test worker] INFO org.springframework.boot.test.context.SpringBootTestContextBootstrapper - Neither @ContextConfiguration nor @ContextHierarchy found for test class [com.katbillings.pomodoro.PomodoroApplicationTests], using SpringBootContextLoader
17:48:54.368 [Test worker] DEBUG org.springframework.test.context.support.AbstractContextLoader - Did not detect default resource location for test class [com.katbillings.pomodoro.PomodoroApplicationTests]: class path resource [com/katbillings/pomodoro/PomodoroApplicationTests-context.xml] does not exist
17:48:54.370 [Test worker] DEBUG org.springframework.test.context.support.AbstractContextLoader - Did not detect default resource location for test class [com.katbillings.pomodoro.PomodoroApplicationTests]: class path resource [com/katbillings/pomodoro/PomodoroApplicationTestsContext.groovy] does not exist
17:48:54.370 [Test worker] INFO org.springframework.test.context.support.AbstractContextLoader - Could not detect default resource locations for test class [com.katbillings.pomodoro.PomodoroApplicationTests]: no resource found for suffixes {-context.xml, Context.groovy}.
17:48:54.371 [Test worker] INFO org.springframework.test.context.support.AnnotationConfigContextLoaderUtils - Could not detect default configuration classes for test class [com.katbillings.pomodoro.PomodoroApplicationTests]: PomodoroApplicationTests does not declare any static, non-private, non-final, nested classes annotated with @Configuration.
17:48:54.426 [Test worker] DEBUG org.springframework.test.context.support.ActiveProfilesUtils - Could not find an 'annotation declaring class' for annotation type [org.springframework.test.context.ActiveProfiles] and class [com.katbillings.pomodoro.PomodoroApplicationTests]
17:48:54.505 [Test worker] DEBUG org.springframework.context.annotation.ClassPathScanningCandidateComponentProvider - Identified candidate component class: file [/Users/katbillings/Desktop/LaunchCode/LiftOff/pomodoro_project/pomodoro/build/classes/java/main/com/katbillings/pomodoro/PomodoroApplication.class]
17:48:54.508 [Test worker] INFO org.springframework.boot.test.context.SpringBootTestContextBootstrapper - Found @SpringBootConfiguration com.katbillings.pomodoro.PomodoroApplication for test class com.katbillings.pomodoro.PomodoroApplicationTests
17:48:54.623 [Test worker] DEBUG org.springframework.boot.test.context.SpringBootTestContextBootstrapper - @TestExecutionListeners is not present for class [com.katbillings.pomodoro.PomodoroApplicationTests]: using defaults.
17:48:54.624 [Test worker] INFO org.springframework.boot.test.context.SpringBootTestContextBootstrapper - Loaded default TestExecutionListener class names from location [META-INF/spring.factories]: [org.springframework.security.test.context.support.WithSecurityContextTestExecutionListener, org.springframework.security.test.context.support.ReactorContextTestExecutionListener, org.springframework.boot.test.autoconfigure.restdocs.RestDocsTestExecutionListener, org.springframework.boot.test.autoconfigure.web.client.MockRestServiceServerResetTestExecutionListener, org.springframework.boot.test.autoconfigure.web.servlet.MockMvcPrintOnlyOnFailureTestExecutionListener, org.springframework.boot.test.autoconfigure.web.servlet.WebDriverTestExecutionListener, org.springframework.boot.test.autoconfigure.webservices.client.MockWebServiceServerTestExecutionListener, org.springframework.boot.test.mock.mockito.MockitoTestExecutionListener, org.springframework.boot.test.mock.mockito.ResetMocksTestExecutionListener, org.springframework.test.context.web.ServletTestExecutionListener, org.springframework.test.context.support.DirtiesContextBeforeModesTestExecutionListener, org.springframework.test.context.event.ApplicationEventsTestExecutionListener, org.springframework.test.context.support.DependencyInjectionTestExecutionListener, org.springframework.test.context.support.DirtiesContextTestExecutionListener, org.springframework.test.context.transaction.TransactionalTestExecutionListener, org.springframework.test.context.jdbc.SqlScriptsTestExecutionListener, org.springframework.test.context.event.EventPublishingTestExecutionListener]
17:48:54.635 [Test worker] DEBUG org.springframework.boot.test.context.SpringBootTestContextBootstrapper - Skipping candidate TestExecutionListener [org.springframework.test.context.transaction.TransactionalTestExecutionListener] due to a missing dependency. Specify custom listener classes or make the default listener classes and their required dependencies available. Offending class: [org/springframework/transaction/interceptor/TransactionAttributeSource]
17:48:54.636 [Test worker] DEBUG org.springframework.boot.test.context.SpringBootTestContextBootstrapper - Skipping candidate TestExecutionListener [org.springframework.test.context.jdbc.SqlScriptsTestExecutionListener] due to a missing dependency. Specify custom listener classes or make the default listener classes and their required dependencies available. Offending class: [org/springframework/transaction/interceptor/TransactionAttribute]
17:48:54.636 [Test worker] INFO org.springframework.boot.test.context.SpringBootTestContextBootstrapper - Using TestExecutionListeners: [org.springframework.test.context.web.ServletTestExecutionListener@7d61eccf, org.springframework.test.context.support.DirtiesContextBeforeModesTestExecutionListener@cc6460c, org.springframework.test.context.event.ApplicationEventsTestExecutionListener@52350abb, org.springframework.boot.test.mock.mockito.MockitoTestExecutionListener@681aad3b, org.springframework.boot.test.autoconfigure.SpringBootDependencyInjectionTestExecutionListener@1a6f2363, org.springframework.test.context.support.DirtiesContextTestExecutionListener@2427e004, org.springframework.security.test.context.support.WithSecurityContextTestExecutionListener@5ebd56e9, org.springframework.test.context.event.EventPublishingTestExecutionListener@63f34b70, org.springframework.security.test.context.support.ReactorContextTestExecutionListener@641856, org.springframework.boot.test.autoconfigure.restdocs.RestDocsTestExecutionListener@1b58ff9e, org.springframework.boot.test.autoconfigure.web.client.MockRestServiceServerResetTestExecutionListener@2f66e802, org.springframework.boot.test.autoconfigure.web.servlet.MockMvcPrintOnlyOnFailureTestExecutionListener@56b78e55, org.springframework.boot.test.autoconfigure.web.servlet.WebDriverTestExecutionListener@76318a7d, org.springframework.boot.test.autoconfigure.webservices.client.MockWebServiceServerTestExecutionListener@2a492f2a, org.springframework.boot.test.mock.mockito.ResetMocksTestExecutionListener@3277e499]
17:48:54.639 [Test worker] DEBUG org.springframework.test.context.support.AbstractDirtiesContextTestExecutionListener - Before test class: context [DefaultTestContext@7adbd080 testClass = PomodoroApplicationTests, testInstance = [null], testMethod = [null], testException = [null], mergedContextConfiguration = [WebMergedContextConfiguration@41beb473 testClass = PomodoroApplicationTests, locations = '{}', classes = '{class com.katbillings.pomodoro.PomodoroApplication}', contextInitializerClasses = '[]', activeProfiles = '{}', propertySourceLocations = '{}', propertySourceProperties = '{org.springframework.boot.test.context.SpringBootTestContextBootstrapper=true}', contextCustomizers = set[org.springframework.boot.test.autoconfigure.actuate.metrics.MetricsExportContextCustomizerFactory$DisableMetricExportContextCustomizer@3569fc08, org.springframework.boot.test.autoconfigure.properties.PropertyMappingContextCustomizer@0, org.springframework.boot.test.autoconfigure.web.servlet.WebDriverContextCustomizerFactory$Customizer@2f05be7f, org.springframework.boot.test.context.filter.ExcludeFilterContextCustomizer@64a8c844, org.springframework.boot.test.json.DuplicateJsonObjectContextCustomizerFactory$DuplicateJsonObjectContextCustomizer@18c5069b, org.springframework.boot.test.mock.mockito.MockitoContextCustomizer@0, org.springframework.boot.test.web.client.TestRestTemplateContextCustomizer@5c530d1e, org.springframework.boot.test.context.SpringBootTestArgs@1, org.springframework.boot.test.context.SpringBootTestWebEnvironment@387a8303], resourceBasePath = 'src/main/webapp', contextLoader = 'org.springframework.boot.test.context.SpringBootContextLoader', parent = [null]], attributes = map['org.springframework.test.context.web.ServletTestExecutionListener.activateListener' -> true]], class annotated with @DirtiesContext [false] with mode [null].
17:48:54.842 [Test worker] DEBUG org.springframework.boot.ApplicationServletEnvironment - Activating profiles []
17:48:54.844 [Test worker] DEBUG org.springframework.test.context.support.TestPropertySourceUtils - Adding inlined properties to environment: {spring.jmx.enabled=false, org.springframework.boot.test.context.SpringBootTestContextBootstrapper=true}

  .   ____          _            __ _ _
 /\\ / ___'_ __ _ _(_)_ __  __ _ \ \ \ \
( ( )\___ | '_ | '_| | '_ \/ _` | \ \ \ \
 \\/  ___)| |_)| | | | | || (_| |  ) ) ) )
  '  |____| .__|_| |_|_| |_\__, | / / / /
 =========|_|==============|___/=/_/_/_/
 :: Spring Boot ::                (v2.6.2)

2022-01-07 17:48:55.275  INFO 50924 --- [    Test worker] c.k.pomodoro.PomodoroApplicationTests    : Starting PomodoroApplicationTests using Java 11.0.12 on Kats-Air.attlocal.net with PID 50924 (started by katbillings in /Users/katbillings/Desktop/LaunchCode/LiftOff/pomodoro_project/pomodoro)
2022-01-07 17:48:55.282  INFO 50924 --- [    Test worker] c.k.pomodoro.PomodoroApplicationTests    : No active profile set, falling back to default profiles: default
2022-01-07 17:48:57.983  INFO 50924 --- [    Test worker] .s.s.UserDetailsServiceAutoConfiguration : 

Using generated security password: c1d19aa4-9668-448d-952c-6549b1058e3f

2022-01-07 17:48:58.262  INFO 50924 --- [    Test worker] o.s.s.web.DefaultSecurityFilterChain     : Will secure any request with [org.springframework.security.web.context.request.async.WebAsyncManagerIntegrationFilter@696b52bc, org.springframework.security.web.context.SecurityContextPersistenceFilter@46a795de, org.springframework.security.web.header.HeaderWriterFilter@39549f33, org.springframework.security.web.csrf.CsrfFilter@5e50df2e, org.springframework.security.web.authentication.logout.LogoutFilter@1a7cb3a4, org.springframework.security.web.authentication.UsernamePasswordAuthenticationFilter@50211483, org.springframework.security.web.authentication.ui.DefaultLoginPageGeneratingFilter@11ede87f, org.springframework.security.web.authentication.ui.DefaultLogoutPageGeneratingFilter@1f884bd6, org.springframework.security.web.authentication.www.BasicAuthenticationFilter@2e0fdbe9, org.springframework.security.web.savedrequest.RequestCacheAwareFilter@4bf03fee, org.springframework.security.web.servletapi.SecurityContextHolderAwareRequestFilter@31834a2b, org.springframework.security.web.authentication.AnonymousAuthenticationFilter@4f081b5d, org.springframework.security.web.session.SessionManagementFilter@44aa2e13, org.springframework.security.web.access.ExceptionTranslationFilter@153cb763, org.springframework.security.web.access.intercept.FilterSecurityInterceptor@be164d8]
2022-01-07 17:48:58.424  INFO 50924 --- [    Test worker] c.k.pomodoro.PomodoroApplicationTests    : Started PomodoroApplicationTests in 3.576 seconds (JVM running for 5.372)
]]></system-out>
  <system-err><![CDATA[]]></system-err>
</testsuite>
